[04:13:52][main/INFO] Initialized settings.
[04:13:53][main/INFO] Initialized assets handlers
[04:13:54][AWT-EventQueue-0/INFO] Start generating launching command...
[04:13:54][Game Launcher/INFO] On making libraries args.
[04:13:55][Game Launcher/INFO] *** Make shell command ***
[04:13:55][Game Launcher/INFO] On making head command.
[04:13:55][Game Launcher/WARN] Failed to read JDKVersion.
java.io.IOException: 拒绝访问。
	at java.io.WinNTFileSystem.createFileExclusively(Native Method)
	at java.io.File.createNewFile(Unknown Source)
	at org.jackhuang.hellominecraft.launcher.dF.a(SourceFile:438)
	at org.jackhuang.hellominecraft.launcher.dF.a(SourceFile:395)
	at org.jackhuang.hellominecraft.launcher.dF.a(SourceFile:378)
	at org.jackhuang.hellominecraft.launcher.dF.b(SourceFile:362)
	at org.jackhuang.hellominecraft.launcher.dJ.a(SourceFile:171)
	at org.jackhuang.hellominecraft.launcher.q.a(SourceFile:60)
	at org.jackhuang.hellominecraft.launcher.q.a(SourceFile:129)
	at org.jackhuang.hellominecraft.launcher.n.a(SourceFile:184)
	at org.jackhuang.hellominecraft.launcher.ch.run(SourceFile:444)
[04:13:55][Game Launcher/INFO] System Physical Memory: 16303
[04:13:55][Game Launcher/INFO] On making java.library.path.
[04:13:55][Game Launcher/INFO] On making launcher args.
[04:13:55][Game Launcher/INFO] APPDATA: E:\A\世界\格雷时代2
[04:13:55][Game Launcher/INFO] Command: C:\Program Files\Java\jre1.8.0_45\bin\javaw.exe -Xincgc -XX:+UseConcMarkSweepGC -XX:+CMSIncrementalMode -XX:-UseAdaptiveSizePolicy -Xmx4096m -Djava.library.path=E:\A\世界\格雷时代2\.minecraft\versions\1.7.10-Forge10.13.3.1370-1.7.10\1.7.10-Forge10.13.3.1370-1.7.10-natives -Dfml.ignoreInvalidMinecraftCertificates=true -Dfml.ignorePatchDiscrepancies=true -cp /E:/A/世界/格雷时代2/点我可以启动.exe;/E:/A/世界/格雷时代2/lib/gson-2.2.4.jar;/E:/A/世界/格雷时代2/lib/MetroLookAndFeel.jar;/E:/A/世界/格雷时代2/lib/HMCLAPI.jar org.jackhuang.hellominecraft.launcher.Launcher -cp=E:\A\世界\格雷时代2\.minecraft\libraries\net\minecraftforge\forge\1.7.10-10.13.3.1370-1.7.10\forge-1.7.10-10.13.3.1370-1.7.10.jar;E:\A\世界\格雷时代2\.minecraft\libraries\net\minecraft\launchwrapper\1.11\launchwrapper-1.11.jar;E:\A\世界\格雷时代2\.minecraft\libraries\org\ow2\asm\asm-all\5.0.3\asm-all-5.0.3.jar;E:\A\世界\格雷时代2\.minecraft\libraries\com\typesafe\akka\akka-actor_2.11\2.3.3\akka-actor_2.11-2.3.3.jar;E:\A\世界\格雷时代2\.minecraft\libraries\com\typesafe\config\1.2.1\config-1.2.1.jar;E:\A\世界\格雷时代2\.minecraft\libraries\org\scala-lang\scala-actors-migration_2.11\1.1.0\scala-actors-migration_2.11-1.1.0.jar;E:\A\世界\格雷时代2\.minecraft\libraries\org\scala-lang\scala-compiler\2.11.1\scala-compiler-2.11.1.jar;E:\A\世界\格雷时代2\.minecraft\libraries\org\scala-lang\plugins\scala-continuations-library_2.11\1.0.2\scala-continuations-library_2.11-1.0.2.jar;E:\A\世界\格雷时代2\.minecraft\libraries\org\scala-lang\plugins\scala-continuations-plugin_2.11.1\1.0.2\scala-continuations-plugin_2.11.1-1.0.2.jar;E:\A\世界\格雷时代2\.minecraft\libraries\org\scala-lang\scala-library\2.11.1\scala-library-2.11.1.jar;E:\A\世界\格雷时代2\.minecraft\libraries\org\scala-lang\scala-parser-combinators_2.11\1.0.1\scala-parser-combinators_2.11-1.0.1.jar;E:\A\世界\格雷时代2\.minecraft\libraries\org\scala-lang\scala-reflect\2.11.1\scala-reflect-2.11.1.jar;E:\A\世界\格雷时代2\.minecraft\libraries\org\scala-lang\scala-swing_2.11\1.0.1\scala-swing_2.11-1.0.1.jar;E:\A\世界\格雷时代2\.minecraft\libraries\org\scala-lang\scala-xml_2.11\1.0.2\scala-xml_2.11-1.0.2.jar;E:\A\世界\格雷时代2\.minecraft\libraries\net\sf\jopt-simple\jopt-simple\4.5\jopt-simple-4.5.jar;E:\A\世界\格雷时代2\.minecraft\libraries\lzma\lzma\0.0.1\lzma-0.0.1.jar;E:\A\世界\格雷时代2\.minecraft\libraries\com\mojang\realms\1.3.5\realms-1.3.5.jar;E:\A\世界\格雷时代2\.minecraft\libraries\org\apache\commons\commons-compress\1.8.1\commons-compress-1.8.1.jar;E:\A\世界\格雷时代2\.minecraft\libraries\org\apache\httpcomponents\httpclient\4.3.3\httpclient-4.3.3.jar;E:\A\世界\格雷时代2\.minecraft\libraries\commons-logging\commons-logging\1.1.3\commons-logging-1.1.3.jar;E:\A\世界\格雷时代2\.minecraft\libraries\org\apache\httpcomponents\httpcore\4.3.2\httpcore-4.3.2.jar;E:\A\世界\格雷时代2\.minecraft\libraries\java3d\vecmath\1.3.1\vecmath-1.3.1.jar;E:\A\世界\格雷时代2\.minecraft\libraries\net\sf\trove4j\trove4j\3.0.3\trove4j-3.0.3.jar;E:\A\世界\格雷时代2\.minecraft\libraries\com\ibm\icu\icu4j-core-mojang\51.2\icu4j-core-mojang-51.2.jar;E:\A\世界\格雷时代2\.minecraft\libraries\com\paulscode\codecjorbis\20101023\codecjorbis-20101023.jar;E:\A\世界\格雷时代2\.minecraft\libraries\com\paulscode\codecwav\20101023\codecwav-20101023.jar;E:\A\世界\格雷时代2\.minecraft\libraries\com\paulscode\libraryjavasound\20101123\libraryjavasound-20101123.jar;E:\A\世界\格雷时代2\.minecraft\libraries\com\paulscode\librarylwjglopenal\20100824\librarylwjglopenal-20100824.jar;E:\A\世界\格雷时代2\.minecraft\libraries\com\paulscode\soundsystem\20120107\soundsystem-20120107.jar;E:\A\世界\格雷时代2\.minecraft\libraries\io\netty\netty-all\4.0.10.Final\netty-all-4.0.10.Final.jar;E:\A\世界\格雷时代2\.minecraft\libraries\com\google\guava\guava\16.0\guava-16.0.jar;E:\A\世界\格雷时代2\.minecraft\libraries\org\apache\commons\commons-lang3\3.2.1\commons-lang3-3.2.1.jar;E:\A\世界\格雷时代2\.minecraft\libraries\commons-io\commons-io\2.4\commons-io-2.4.jar;E:\A\世界\格雷时代2\.minecraft\libraries\commons-codec\commons-codec\1.9\commons-codec-1.9.jar;E:\A\世界\格雷时代2\.minecraft\libraries\net\java\jinput\jinput\2.0.5\jinput-2.0.5.jar;E:\A\世界\格雷时代2\.minecraft\libraries\net\java\jutils\jutils\1.0.0\jutils-1.0.0.jar;E:\A\世界\格雷时代2\.minecraft\libraries\com\google\code\gson\gson\2.2.4\gson-2.2.4.jar;E:\A\世界\格雷时代2\.minecraft\libraries\com\mojang\authlib\1.5.16\authlib-1.5.16.jar;E:\A\世界\格雷时代2\.minecraft\libraries\org\apache\logging\log4j\log4j-api\2.0-beta9\log4j-api-2.0-beta9.jar;E:\A\世界\格雷时代2\.minecraft\libraries\org\apache\logging\log4j\log4j-core\2.0-beta9\log4j-core-2.0-beta9.jar;E:\A\世界\格雷时代2\.minecraft\libraries\org\lwjgl\lwjgl\lwjgl\2.9.1\lwjgl-2.9.1.jar;E:\A\世界\格雷时代2\.minecraft\libraries\org\lwjgl\lwjgl\lwjgl_util\2.9.1\lwjgl_util-2.9.1.jar;E:\A\世界\格雷时代2\.minecraft\libraries\org\lwjgl\lwjgl\lwjgl-platform\2.9.1\lwjgl-platform-2.9.1-natives-windows.jar;E:\A\世界\格雷时代2\.minecraft\libraries\net\java\jinput\jinput-platform\2.0.5\jinput-platform-2.0.5-natives-windows.jar;E:\A\世界\格雷时代2\.minecraft\libraries\tv\twitch\twitch\5.16\twitch-5.16.jar;E:\A\世界\格雷时代2\.minecraft\libraries\tv\twitch\twitch-platform\5.16\twitch-platform-5.16-natives-windows-64.jar;E:\A\世界\格雷时代2\.minecraft\libraries\tv\twitch\twitch-external-platform\4.5\twitch-external-platform-4.5-natives-windows-64.jar;E:\A\世界\格雷时代2\.minecraft\versions\1.7.10-Forge10.13.3.1370-1.7.10\1.7.10-Forge10.13.3.1370-1.7.10.jar -mainClass=net.minecraft.launchwrapper.Launch --username jhxs --version 1.7.10-Forge10.13.3.1370-1.7.10 --gameDir E:\A\世界\格雷时代2\.minecraft --assetsDir E:\A\世界\格雷时代2\.minecraft\assets --assetIndex 1.7.10 --uuid c2dd5306-a360-27d3-6021601905ec4c8f --accessToken ${auth_access_token} --userProperties {} --userType Legacy --tweakClass cpw.mods.fml.common.launcher.FMLTweaker --height 480 --width 854
